SF:lib/features/home/data/enums/currency_enum.dart
DA:24,1
DA:26,1
DA:28,1
DA:30,0
DA:32,0
DA:34,0
DA:36,0
DA:38,0
DA:40,0
DA:42,0
DA:44,0
DA:46,0
DA:48,0
DA:50,0
DA:52,0
DA:54,0
DA:59,1
DA:61,1
DA:63,1
DA:65,0
DA:67,0
DA:69,0
DA:71,0
DA:73,0
DA:75,0
DA:77,0
DA:79,0
DA:81,0
DA:83,0
DA:85,0
DA:87,0
DA:89,0
LF:32
LH:6
end_of_record
SF:lib/generated/assets.dart
DA:3,0
LF:1
LH:0
end_of_record
SF:lib/features/home/data/models/response_models/latest_rates_response_model.dart
DA:6,4
DA:11,2
DA:12,2
DA:13,2
DA:15,4
DA:16,6
DA:17,4
DA:19,2
DA:27,4
DA:28,4
DA:29,4
DA:30,8
DA:33,2
DA:34,6
DA:38,4
DA:42,4
DA:43,2
DA:45,4
DA:49,4
DA:50,4
DA:53,2
DA:54,4
LF:22
LH:22
end_of_record
SF:lib/features/home/data/repository/currency_repository.dart
DA:11,1
DA:16,1
DA:20,2
DA:21,1
DA:23,1
DA:24,2
DA:26,1
LF:7
LH:7
end_of_record
SF:lib/features/home/data/services/currency_api_service.dart
DA:10,1
DA:15,1
DA:19,2
DA:20,3
DA:21,1
DA:23,2
DA:24,1
DA:25,2
DA:26,2
DA:27,5
DA:28,1
DA:29,2
DA:30,1
DA:31,2
DA:37,2
LF:15
LH:15
end_of_record
SF:lib/core/helpers/app_faker.dart
DA:4,0
DA:6,15
DA:12,4
DA:13,12
DA:14,0
DA:15,0
DA:16,20
DA:17,0
DA:18,0
DA:19,0
DA:20,0
DA:21,4
DA:22,0
DA:23,20
DA:25,0
DA:26,0
DA:27,0
DA:28,0
DA:29,16
DA:33,0
DA:34,0
DA:36,0
DA:39,0
DA:42,0
DA:43,0
DA:45,0
DA:46,0
DA:48,0
DA:49,0
LF:29
LH:7
end_of_record
SF:lib/features/home/data/models/response_models/currency_model.dart
DA:4,5
DA:9,4
DA:10,2
DA:11,4
DA:17,4
DA:18,2
DA:19,2
DA:22,2
DA:23,2
DA:24,2
DA:25,2
LF:11
LH:11
end_of_record
SF:lib/features/home/data/models/request_models/latest_rates_request_model.dart
DA:5,4
DA:13,0
DA:14,0
DA:16,2
DA:17,2
DA:18,6
DA:19,12
LF:7
LH:5
end_of_record
SF:lib/features/home/data/mappers/latest_rates_response_mapper.dart
DA:7,4
DA:8,2
DA:9,8
DA:12,2
LF:4
LH:4
end_of_record
SF:lib/features/home/domain/entities/currency.dart
DA:5,2
DA:10,1
DA:11,3
LF:3
LH:3
end_of_record
SF:lib/core/data/api_manager/failure_handler.dart
DA:8,1
DA:11,1
DA:15,1
DA:20,1
DA:21,0
DA:22,0
DA:23,0
DA:25,1
DA:26,0
DA:27,0
DA:28,0
DA:29,0
DA:30,0
DA:31,0
DA:33,0
DA:34,0
DA:36,0
DA:37,0
DA:38,0
DA:39,0
DA:42,1
DA:43,3
DA:45,1
DA:46,0
DA:48,1
DA:49,0
DA:51,1
DA:52,1
DA:54,0
DA:55,0
DA:58,0
DA:59,0
DA:60,0
DA:61,0
DA:62,0
DA:63,0
DA:64,0
DA:65,0
DA:66,0
DA:69,0
LF:40
LH:11
end_of_record
SF:lib/core/data/api_manager/models/exceptions/error_exception.dart
DA:5,1
DA:9,0
DA:10,0
LF:3
LH:1
end_of_record
SF:lib/core/data/api_manager/models/exceptions/server_exception.dart
DA:5,2
DA:8,0
DA:9,0
LF:3
LH:1
end_of_record
SF:lib/core/data/api_manager/models/exceptions/validation_exception.dart
DA:4,0
DA:7,0
DA:8,0
LF:3
LH:0
end_of_record
SF:lib/core/data/api_manager/models/failures/connection_failure.dart
DA:4,1
LF:1
LH:1
end_of_record
SF:lib/core/data/api_manager/models/failures/failure.dart
DA:6,1
DA:7,2
LF:2
LH:2
end_of_record
SF:lib/core/data/api_manager/models/failures/error_failure.dart
DA:6,0
DA:10,0
DA:11,0
LF:3
LH:0
end_of_record
SF:lib/core/data/api_manager/models/failures/failure_info.dart
DA:5,2
DA:12,1
DA:13,3
LF:3
LH:3
end_of_record
SF:lib/core/data/api_manager/models/failures/reportable_failure.dart
DA:12,1
DA:19,0
DA:20,0
DA:23,0
DA:24,0
DA:27,0
DA:29,0
DA:30,0
DA:31,0
DA:33,0
DA:36,0
DA:37,0
DA:38,0
DA:39,0
DA:40,0
DA:45,0
DA:46,0
DA:48,0
DA:50,0
DA:53,0
DA:57,0
DA:58,0
DA:59,0
DA:61,0
DA:62,0
DA:63,0
DA:65,0
DA:66,0
DA:67,0
DA:68,0
DA:69,0
DA:70,0
DA:73,0
DA:76,1
DA:77,4
LF:35
LH:3
end_of_record
SF:lib/core/data/api_manager/models/failures/request_canceled_failure.dart
DA:4,0
LF:1
LH:0
end_of_record
SF:lib/core/data/api_manager/models/failures/service_not_available_failure.dart
DA:4,0
DA:5,0
LF:2
LH:0
end_of_record
SF:lib/core/data/api_manager/models/failures/session_ended_failure.dart
DA:4,0
LF:1
LH:0
end_of_record
SF:lib/core/data/api_manager/models/failures/type_failure.dart
DA:4,0
DA:5,0
LF:2
LH:0
end_of_record
SF:lib/core/data/api_manager/models/failures/unknown_failure.dart
DA:4,1
DA:5,1
LF:2
LH:2
end_of_record
SF:lib/core/data/api_manager/models/failures/validation_failure.dart
DA:4,0
DA:7,0
DA:8,0
LF:3
LH:0
end_of_record
SF:lib/core/helpers/dio2curl.dart
DA:6,0
DA:10,0
DA:11,0
DA:13,0
DA:14,0
DA:15,0
DA:16,0
DA:17,0
DA:19,0
DA:22,0
DA:23,0
DA:24,0
DA:25,0
DA:27,0
DA:29,0
DA:30,0
DA:32,0
LF:17
LH:0
end_of_record
SF:lib/core/data/api_manager/models/message_response_model.dart
DA:5,1
DA:7,1
DA:8,1
DA:9,1
DA:10,1
DA:16,0
DA:17,0
DA:18,0
DA:19,0
DA:22,0
DA:23,0
DA:24,0
DA:25,0
DA:31,0
DA:36,0
DA:37,0
DA:38,0
DA:39,0
DA:45,0
DA:46,0
DA:48,0
DA:49,0
DA:50,0
DA:51,0
LF:24
LH:5
end_of_record
SF:lib/core/data/api_manager/models/mock/message_response_model_mock.dart
DA:5,0
DA:7,0
DA:8,0
DA:9,0
LF:4
LH:0
end_of_record
SF:lib/core/data/api_manager/models/request_model.dart
DA:5,0
DA:8,0
DA:16,0
DA:22,0
DA:23,0
DA:25,0
DA:26,0
DA:28,0
DA:29,0
LF:9
LH:0
end_of_record
SF:lib/core/data/api_manager/status_checker/status_checker_implementation.dart
DA:15,2
DA:16,4
DA:17,4
DA:18,4
DA:19,4
DA:20,2
DA:21,4
DA:22,2
DA:23,4
DA:24,4
DA:26,4
DA:31,0
DA:32,0
DA:34,0
DA:36,0
DA:38,0
DA:40,0
DA:42,0
DA:50,2
DA:51,10
LF:20
LH:13
end_of_record
SF:lib/core/helpers/app_logger.dart
DA:5,0
DA:6,0
DA:9,0
DA:10,0
DA:11,0
DA:14,0
DA:19,0
DA:20,0
DA:21,0
DA:39,0
DA:41,0
DA:42,0
DA:44,0
DA:46,0
DA:48,0
DA:50,0
DA:52,0
LF:17
LH:0
end_of_record
SF:lib/flavor.dart
DA:3,0
DA:4,0
DA:5,0
DA:6,0
DA:11,1
DA:12,3
DA:13,2
DA:17,1
DA:18,1
DA:19,1
DA:21,1
DA:23,0
LF:12
LH:7
end_of_record
SF:lib/features/home/presentation/cubit/currency_state.dart
DA:4,3
DA:14,2
DA:16,1
DA:17,1
DA:20,2
DA:22,1
DA:25,2
DA:27,1
DA:30,1
DA:35,1
DA:36,0
DA:37,2
DA:38,2
DA:42,1
DA:43,4
LF:15
LH:14
end_of_record
SF:lib/features/home/presentation/cubit/currency_cubit.dart
DA:15,2
DA:20,1
DA:21,1
DA:22,3
DA:23,2
DA:24,1
DA:25,1
DA:26,3
DA:27,1
DA:29,6
DA:30,2
DA:36,0
DA:37,0
DA:38,0
LF:14
LH:11
end_of_record
SF:lib/core/helpers/nullable.dart
DA:2,1
DA:6,1
DA:7,1
LF:3
LH:3
end_of_record
